GC Precious Log:
 CPUs: 8 total, 8 available
 Memory: 16235M
 Large Page Support: Disabled
 NUMA Support: Disabled
 Compressed Oops: Enabled (Zero based)
 Heap Region Size: 2M
 Heap Min Capacity: 8M
 Heap Initial Capacity: 254M
 Heap Max Capacity: 4060M
 Pre-touch: Disabled
 Parallel Workers: 8
 Concurrent Workers: 2
 Concurrent Refinement Workers: 8
 Periodic GC: Disabled
Heap:
 garbage-first heap   total 81920K, used 53709K [0x0000000702400000, 0x0000000800000000)
  region size 2048K, 12 young (24576K), 2 survivors (4096K)
 Metaspace       used 80372K, committed 80960K, reserved 1179648K
  class space    used 10860K, committed 11136K, reserved 1048576K
GC Heap History (20 events):
Event: 5.096 GC heap before
{Heap before GC invocations=5 (full 0):
 garbage-first heap   total 61440K, used 43403K [0x0000000702400000, 0x0000000800000000)
  region size 2048K, 18 young (36864K), 4 survivors (8192K)
 Metaspace       used 24782K, committed 25216K, reserved 1114112K
  class space    used 3181K, committed 3392K, reserved 1048576K
}
Event: 5.110 GC heap after
{Heap after GC invocations=6 (full 0):
 garbage-first heap   total 61440K, used 16010K [0x0000000702400000, 0x0000000800000000)
  region size 2048K, 2 young (4096K), 2 survivors (4096K)
 Metaspace       used 24782K, committed 25216K, reserved 1114112K
  class space    used 3181K, committed 3392K, reserved 1048576K
}
Event: 5.227 GC heap before
{Heap before GC invocations=6 (full 0):
 garbage-first heap   total 61440K, used 18058K [0x0000000702400000, 0x0000000800000000)
  region size 2048K, 3 young (6144K), 2 survivors (4096K)
 Metaspace       used 25022K, committed 25408K, reserved 1114112K
  class space    used 3228K, committed 3392K, reserved 1048576K
}
Event: 5.237 GC heap after
{Heap after GC invocations=7 (full 0):
 garbage-first heap   total 61440K, used 17023K [0x0000000702400000, 0x0000000800000000)
  region size 2048K, 1 young (2048K), 1 survivors (2048K)
 Metaspace       used 25022K, committed 25408K, reserved 1114112K
  class space    used 3228K, committed 3392K, reserved 1048576K
}
Event: 6.185 GC heap before
{Heap before GC invocations=7 (full 0):
 garbage-first heap   total 61440K, used 41599K [0x0000000702400000, 0x0000000800000000)
  region size 2048K, 13 young (26624K), 1 survivors (2048K)
 Metaspace       used 28994K, committed 29376K, reserved 1114112K
  class space    used 3829K, committed 4032K, reserved 1048576K
}
Event: 6.200 GC heap after
{Heap after GC invocations=8 (full 0):
 garbage-first heap   total 161792K, used 18700K [0x0000000702400000, 0x0000000800000000)
  region size 2048K, 2 young (4096K), 2 survivors (4096K)
 Metaspace       used 28994K, committed 29376K, reserved 1114112K
  class space    used 3829K, committed 4032K, reserved 1048576K
}
Event: 7.965 GC heap before
{Heap before GC invocations=8 (full 0):
 garbage-first heap   total 161792K, used 49420K [0x0000000702400000, 0x0000000800000000)
  region size 2048K, 18 young (36864K), 2 survivors (4096K)
 Metaspace       used 35573K, committed 35968K, reserved 1114112K
  class space    used 4662K, committed 4864K, reserved 1048576K
}
Event: 7.973 GC heap after
{Heap after GC invocations=9 (full 0):
 garbage-first heap   total 161792K, used 20830K [0x0000000702400000, 0x0000000800000000)
  region size 2048K, 3 young (6144K), 3 survivors (6144K)
 Metaspace       used 35573K, committed 35968K, reserved 1114112K
  class space    used 4662K, committed 4864K, reserved 1048576K
}
Event: 10.228 GC heap before
{Heap before GC invocations=10 (full 0):
 garbage-first heap   total 81920K, used 63838K [0x0000000702400000, 0x0000000800000000)
  region size 2048K, 24 young (49152K), 3 survivors (6144K)
 Metaspace       used 48919K, committed 49344K, reserved 1114112K
  class space    used 6464K, committed 6656K, reserved 1048576K
}
Event: 10.244 GC heap after
{Heap after GC invocations=11 (full 0):
 garbage-first heap   total 81920K, used 24516K [0x0000000702400000, 0x0000000800000000)
  region size 2048K, 3 young (6144K), 3 survivors (6144K)
 Metaspace       used 48919K, committed 49344K, reserved 1114112K
  class space    used 6464K, committed 6656K, reserved 1048576K
}
Event: 11.496 GC heap before
{Heap before GC invocations=11 (full 0):
 garbage-first heap   total 81920K, used 61380K [0x0000000702400000, 0x0000000800000000)
  region size 2048K, 21 young (43008K), 3 survivors (6144K)
 Metaspace       used 57543K, committed 58112K, reserved 1114112K
  class space    used 7704K, committed 8000K, reserved 1048576K
}
Event: 11.507 GC heap after
{Heap after GC invocations=12 (full 0):
 garbage-first heap   total 81920K, used 25944K [0x0000000702400000, 0x0000000800000000)
  region size 2048K, 1 young (2048K), 1 survivors (2048K)
 Metaspace       used 57543K, committed 58112K, reserved 1114112K
  class space    used 7704K, committed 8000K, reserved 1048576K
}
Event: 11.885 GC heap before
{Heap before GC invocations=12 (full 0):
 garbage-first heap   total 81920K, used 36184K [0x0000000702400000, 0x0000000800000000)
  region size 2048K, 7 young (14336K), 1 survivors (2048K)
 Metaspace       used 59735K, committed 60288K, reserved 1114112K
  class space    used 8066K, committed 8320K, reserved 1048576K
}
Event: 11.895 GC heap after
{Heap after GC invocations=13 (full 0):
 garbage-first heap   total 81920K, used 26276K [0x0000000702400000, 0x0000000800000000)
  region size 2048K, 2 young (4096K), 2 survivors (4096K)
 Metaspace       used 59735K, committed 60288K, reserved 1114112K
  class space    used 8066K, committed 8320K, reserved 1048576K
}
Event: 13.488 GC heap before
{Heap before GC invocations=14 (full 0):
 garbage-first heap   total 81920K, used 63140K [0x0000000702400000, 0x0000000800000000)
  region size 2048K, 20 young (40960K), 2 survivors (4096K)
 Metaspace       used 66395K, committed 66944K, reserved 1114112K
  class space    used 9028K, committed 9280K, reserved 1048576K
}
Event: 13.495 GC heap after
{Heap after GC invocations=15 (full 0):
 garbage-first heap   total 81920K, used 28787K [0x0000000702400000, 0x0000000800000000)
  region size 2048K, 3 young (6144K), 3 survivors (6144K)
 Metaspace       used 66395K, committed 66944K, reserved 1114112K
  class space    used 9028K, committed 9280K, reserved 1048576K
}
Event: 14.902 GC heap before
{Heap before GC invocations=15 (full 0):
 garbage-first heap   total 81920K, used 63603K [0x0000000702400000, 0x0000000800000000)
  region size 2048K, 20 young (40960K), 3 survivors (6144K)
 Metaspace       used 71169K, committed 71744K, reserved 1114112K
  class space    used 9655K, committed 9920K, reserved 1048576K
}
Event: 14.914 GC heap after
{Heap after GC invocations=16 (full 0):
 garbage-first heap   total 81920K, used 32113K [0x0000000702400000, 0x0000000800000000)
  region size 2048K, 3 young (6144K), 3 survivors (6144K)
 Metaspace       used 71169K, committed 71744K, reserved 1114112K
  class space    used 9655K, committed 9920K, reserved 1048576K
}
Event: 34.150 GC heap before
{Heap before GC invocations=16 (full 0):
 garbage-first heap   total 81920K, used 62833K [0x0000000702400000, 0x0000000800000000)
  region size 2048K, 19 young (38912K), 3 survivors (6144K)
 Metaspace       used 78481K, committed 79104K, reserved 1179648K
  class space    used 10662K, committed 10944K, reserved 1048576K
}
Event: 34.159 GC heap after
{Heap after GC invocations=17 (full 0):
 garbage-first heap   total 81920K, used 35277K [0x0000000702400000, 0x0000000800000000)
  region size 2048K, 2 young (4096K), 2 survivors (4096K)
 Metaspace       used 78481K, committed 79104K, reserved 1179648K
  class space    used 10662K, committed 10944K, reserved 1048576K
}

